<?xml version="1.0" encoding="UTF-8"?>
<!-- Generated by org.testng.reporters.JUnitReportReporter -->
<testsuite hostname="C02VF0YNHV2T" failures="0" tests="1" name="compassnav.CompassTest" time="4.645" errors="0" timestamp="2020-01-24T16:58:47 EST" skipped="0">
  <testcase classname="compassnav.CompassTest" name="testMyModulesIcon" time="4.645"/>
</testsuite> <!-- compassnav.CompassTest -->
