<?xml version="1.0" encoding="UTF-8"?>
<!-- Generated by org.testng.reporters.JUnitReportReporter -->
<testsuite hostname="C02VF0YNHV2T" failures="0" tests="1" name="login.LoginTests" time="4.131" errors="0" timestamp="2020-01-24T16:24:33 EST" skipped="0">
  <testcase classname="login.LoginTests" name="testSuccessfulLogin" time="4.131"/>
</testsuite> <!-- login.LoginTests -->
