<?xml version="1.0" encoding="UTF-8"?>
<!-- Generated by org.testng.reporters.JUnitReportReporter -->
<testsuite hostname="C02VF0YNHV2T" failures="0" tests="1" name="basetests.basetest" time="10.128" errors="0" timestamp="2019-11-21T11:48:31 EST" skipped="0">
  <testcase classname="basetests.basetest" name="baseExampleTest" time="10.128"/>
</testsuite> <!-- basetests.basetest -->
